<?xml version="1.0" encoding="UTF-8"?>
<!-- Generated by org.testng.reporters.JUnitXMLReporter -->
<testsuite hostname="MUNA-PC" ignored="0" name="Command line test" tests="3" failures="0" timestamp="03 Sep 2020 14:35:44 GMT" time="0.02" errors="0">
  <testcase name="getExistingUserReturnsExistingSavedUser" time="0.002" classname="com.ip.testngdemo.FirstTestNGTest"/>
  <testcase name="getNonExistingUserReturnsNull" time="0.0" classname="com.ip.testngdemo.FirstTestNGTest"/>
  <testcase name="successfulAddUserReturnsTrue" time="0.0" classname="com.ip.testngdemo.FirstTestNGTest"/>
</testsuite> <!-- Command line test -->
